<?xml version="1.0" encoding="UTF-8"?>
<!-- Generated by org.testng.reporters.JUnitReportReporter -->
<testsuite skipped="0" hostname="hp" name="Justcheck.Check10" tests="1" failures="0" timestamp="27 Dec 2019 05:10:12 GMT" time="0.040" errors="0">
  <testcase name="Tried" time="0.040" classname="Justcheck.Check10"/>
</testsuite> <!-- Justcheck.Check10 -->
