<?xml version="1.0" encoding="UTF-8"?>
<!-- Generated by org.testng.reporters.JUnitReportReporter -->
<testsuite skipped="0" hostname="hp" name="Check2" tests="1" failures="0" timestamp="25 Dec 2019 13:50:45 GMT" time="0.022" errors="0">
  <testcase name="Tried" time="0.022" classname="Check2"/>
</testsuite> <!-- Check2 -->
