<?xml version="1.0" encoding="UTF-8"?>
<!-- Generated by org.testng.reporters.JUnitReportReporter -->
<testsuite skipped="0" hostname="hp" name="Justcheck.check1" tests="1" failures="0" timestamp="25 Dec 2019 13:37:09 GMT" time="0.127" errors="0">
  <testcase name="Tried" time="0.127" classname="Justcheck.check1"/>
</testsuite> <!-- Justcheck.check1 -->
