<?xml version="1.0" encoding="UTF-8"?>
<!-- Generated by org.testng.reporters.JUnitReportReporter -->
<testsuite skipped="0" hostname="hp" name="Justcheck.check3" tests="1" failures="0" timestamp="25 Dec 2019 15:51:36 GMT" time="0.030" errors="0">
  <testcase name="Tried" time="0.030" classname="Justcheck.check3"/>
</testsuite> <!-- Justcheck.check3 -->
